"E:/Project/WZTAndroidStart 4.27/Content/Mannequin/Character/Mesh/SK_Mannequin_Skeleton.uasset" 0
"E:/Project/WZTAndroidStart 4.27/Content/Mannequin/Character/Mesh/SK_Mannequin_Skeleton.uexp" 1
"E:/Project/WZTAndroidStart 4.27/Content/Mannequin/Animations/ThirdPerson_Jump.uasset" 2
"E:/Project/WZTAndroidStart 4.27/Content/Mannequin/Animations/ThirdPerson_Jump.uexp" 3
"E:/Project/WZTAndroidStart 4.27/Content/Mannequin/Character/Mesh/SK_Mannequin_PhysicsAsset.uasset" 4
"E:/Project/WZTAndroidStart 4.27/Content/Mannequin/Character/Mesh/SK_Mannequin_PhysicsAsset.uexp" 5
"E:/Project/WZTAndroidStart 4.27/Content/MyUI/Button1.uasset" 6
"E:/Project/WZTAndroidStart 4.27/Content/MyUI/Button1.uexp" 7
"E:/Project/WZTAndroidStart 4.27/Content/MyUI/Back1.uasset" 8
"E:/Project/WZTAndroidStart 4.27/Content/MyUI/Back1.uexp" 9
"E:/Project/WZTAndroidStart 4.27/Content/MyUI/MyTouch.uasset" 10
"E:/Project/WZTAndroidStart 4.27/Content/MyUI/MyTouch.uexp" 11
"E:/Project/WZTAndroidStart 4.27/Content/Blueprints/S_RankBar.uasset" 12
"E:/Project/WZTAndroidStart 4.27/Content/Blueprints/S_RankBar.uexp" 13
"../../../Engine/Content/EngineMaterials/T_Default_Material_Grid_N.uasset" 14
"../../../Engine/Content/EngineMaterials/T_Default_Material_Grid_N.uexp" 15
"../../../Engine/Content/EngineMaterials/T_Default_Material_Grid_N.ubulk" 16
"../../../Engine/Content/EngineMaterials/T_Default_Material_Grid_M.uasset" 17
"../../../Engine/Content/EngineMaterials/T_Default_Material_Grid_M.uexp" 18
"../../../Engine/Content/EngineMaterials/T_Default_Material_Grid_M.ubulk" 19
"../../../Engine/Content/Functions/Engine_MaterialFunctions01/Opacity/CameraDepthFade.uasset" 20
"../../../Engine/Content/Functions/Engine_MaterialFunctions01/Opacity/CameraDepthFade.uexp" 21
"../../../Engine/Content/EngineMaterials/WorldGridMaterial.uasset" 22
"../../../Engine/Content/EngineMaterials/WorldGridMaterial.uexp" 23
"../../../Engine/Content/BasicShapes/Cube.uasset" 24
"../../../Engine/Content/BasicShapes/Cube.uexp" 25
"../../../Engine/Content/BasicShapes/BasicShapeMaterial.uasset" 26
"../../../Engine/Content/BasicShapes/BasicShapeMaterial.uexp" 27
"../../../Engine/Content/EngineFonts/Faces/DroidSansMono.uasset" 28
"../../../Engine/Content/EngineFonts/Faces/DroidSansMono.uexp" 29
"../../../Engine/Content/EngineFonts/Faces/DroidSansMono.ufont" 30
"../../../Engine/Content/EngineFonts/Faces/DroidSansFallback.uasset" 31
"../../../Engine/Content/EngineFonts/Faces/DroidSansFallback.uexp" 32
"../../../Engine/Content/EngineFonts/Faces/DroidSansFallback.ufont" 33
"../../../Engine/Content/EngineFonts/DroidSansMono.uasset" 34
"../../../Engine/Content/EngineFonts/DroidSansMono.uexp" 35
"E:/Project/WZTAndroidStart 4.27/Content/MyUI/Menu.uasset" 36
"E:/Project/WZTAndroidStart 4.27/Content/MyUI/Menu.uexp" 37
"E:/Project/WZTAndroidStart 4.27/Content/MyUI/RankItem.uasset" 38
"E:/Project/WZTAndroidStart 4.27/Content/MyUI/RankItem.uexp" 39
"E:/Project/WZTAndroidStart 4.27/Content/MyUI/RankingList.uasset" 40
"E:/Project/WZTAndroidStart 4.27/Content/MyUI/RankingList.uexp" 41
"E:/Project/WZTAndroidStart 4.27/Content/Blueprints/BP_MySave.uasset" 42
"E:/Project/WZTAndroidStart 4.27/Content/Blueprints/BP_MySave.uexp" 43
"E:/Project/WZTAndroidStart 4.27/Content/Blueprints/Save.uasset" 44
"E:/Project/WZTAndroidStart 4.27/Content/Blueprints/Save.uexp" 45
"../../../Engine/Content/EditorBlueprintResources/StandardMacros.uasset" 46
"../../../Engine/Content/EditorBlueprintResources/StandardMacros.uexp" 47
"E:/Project/WZTAndroidStart 4.27/Content/MyUI/Ranking.uasset" 48
"E:/Project/WZTAndroidStart 4.27/Content/MyUI/Ranking.uexp" 49
"E:/Project/WZTAndroidStart 4.27/Content/MyUI/x_white.uasset" 50
"E:/Project/WZTAndroidStart 4.27/Content/MyUI/x_white.uexp" 51
"E:/Project/WZTAndroidStart 4.27/Content/MyUI/x_orange.uasset" 52
"E:/Project/WZTAndroidStart 4.27/Content/MyUI/x_orange.uexp" 53
"E:/Project/WZTAndroidStart 4.27/Content/MyUI/jump.uasset" 54
"E:/Project/WZTAndroidStart 4.27/Content/MyUI/jump.uexp" 55
"E:/Project/WZTAndroidStart 4.27/Content/MyUI/down_white.uasset" 56
"E:/Project/WZTAndroidStart 4.27/Content/MyUI/down_white.uexp" 57
"E:/Project/WZTAndroidStart 4.27/Content/MyUI/down_orange.uasset" 58
"E:/Project/WZTAndroidStart 4.27/Content/MyUI/down_orange.uexp" 59
"E:/Project/WZTAndroidStart 4.27/Content/MyUI/HUD.uasset" 60
"E:/Project/WZTAndroidStart 4.27/Content/MyUI/HUD.uexp" 61
"E:/Project/WZTAndroidStart 4.27/Content/Mannequin/Character/Textures/UE4Man_Logo_N.uasset" 62
"E:/Project/WZTAndroidStart 4.27/Content/Mannequin/Character/Textures/UE4Man_Logo_N.uexp" 63
"E:/Project/WZTAndroidStart 4.27/Content/Mannequin/Character/Textures/UE4Man_Logo_N.ubulk" 64
"E:/Project/WZTAndroidStart 4.27/Content/Mannequin/Character/Textures/T_UE4_Mannequin_Mobile_N.uasset" 65
"E:/Project/WZTAndroidStart 4.27/Content/Mannequin/Character/Textures/T_UE4_Mannequin_Mobile_N.uexp" 66
"E:/Project/WZTAndroidStart 4.27/Content/Mannequin/Character/Textures/T_UE4_Mannequin_Mobile_N.ubulk" 67
"E:/Project/WZTAndroidStart 4.27/Content/Mannequin/Character/Textures/T_UE4_Mannequin_Mobile_M.uasset" 68
"E:/Project/WZTAndroidStart 4.27/Content/Mannequin/Character/Textures/T_UE4_Mannequin_Mobile_M.uexp" 69
"E:/Project/WZTAndroidStart 4.27/Content/Mannequin/Character/Textures/T_UE4_Mannequin_Mobile_M.ubulk" 70
"E:/Project/WZTAndroidStart 4.27/Content/Mannequin/Character/Materials/MaterialLayers/T_ML_Aluminum01_N.uasset" 71
"E:/Project/WZTAndroidStart 4.27/Content/Mannequin/Character/Materials/MaterialLayers/T_ML_Aluminum01_N.uexp" 72
"E:/Project/WZTAndroidStart 4.27/Content/Mannequin/Character/Materials/MaterialLayers/T_ML_Aluminum01_N.ubulk" 73
"E:/Project/WZTAndroidStart 4.27/Content/Mannequin/Character/Materials/MaterialLayers/T_ML_Aluminum01.uasset" 74
"E:/Project/WZTAndroidStart 4.27/Content/Mannequin/Character/Materials/MaterialLayers/T_ML_Aluminum01.uexp" 75
"E:/Project/WZTAndroidStart 4.27/Content/Mannequin/Character/Materials/MaterialLayers/T_ML_Aluminum01.ubulk" 76
"E:/Project/WZTAndroidStart 4.27/Content/Mannequin/Character/Materials/MaterialLayers/ML_SoftMetal_UE4.uasset" 77
"E:/Project/WZTAndroidStart 4.27/Content/Mannequin/Character/Materials/MaterialLayers/ML_SoftMetal_UE4.uexp" 78
"E:/Project/WZTAndroidStart 4.27/Content/Mannequin/Character/Textures/UE4_LOGO_CARD.uasset" 79
"E:/Project/WZTAndroidStart 4.27/Content/Mannequin/Character/Textures/UE4_LOGO_CARD.uexp" 80
"E:/Project/WZTAndroidStart 4.27/Content/Mannequin/Character/Textures/UE4_LOGO_CARD.ubulk" 81
"E:/Project/WZTAndroidStart 4.27/Content/Mannequin/Character/Materials/MaterialLayers/ML_Plastic_Shiny_Beige_LOGO.uasset" 82
"E:/Project/WZTAndroidStart 4.27/Content/Mannequin/Character/Materials/MaterialLayers/ML_Plastic_Shiny_Beige_LOGO.uexp" 83
"E:/Project/WZTAndroidStart 4.27/Content/Mannequin/Character/Materials/MaterialLayers/ML_Plastic_Shiny_Beige.uasset" 84
"E:/Project/WZTAndroidStart 4.27/Content/Mannequin/Character/Materials/MaterialLayers/ML_Plastic_Shiny_Beige.uexp" 85
"E:/Project/WZTAndroidStart 4.27/Content/Mannequin/Character/Materials/MaterialLayers/T_ML_Rubber_Blue_01_N.uasset" 86
"E:/Project/WZTAndroidStart 4.27/Content/Mannequin/Character/Materials/MaterialLayers/T_ML_Rubber_Blue_01_N.uexp" 87
"E:/Project/WZTAndroidStart 4.27/Content/Mannequin/Character/Materials/MaterialLayers/T_ML_Rubber_Blue_01_N.ubulk" 88
"E:/Project/WZTAndroidStart 4.27/Content/Mannequin/Character/Materials/MaterialLayers/T_ML_Rubber_Blue_01_D.uasset" 89
"E:/Project/WZTAndroidStart 4.27/Content/Mannequin/Character/Materials/MaterialLayers/T_ML_Rubber_Blue_01_D.uexp" 90
"E:/Project/WZTAndroidStart 4.27/Content/Mannequin/Character/Materials/MaterialLayers/T_ML_Rubber_Blue_01_D.ubulk" 91
"E:/Project/WZTAndroidStart 4.27/Content/Mannequin/Character/Materials/MaterialLayers/ML_GlossyBlack_Latex_UE4.uasset" 92
"E:/Project/WZTAndroidStart 4.27/Content/Mannequin/Character/Materials/MaterialLayers/ML_GlossyBlack_Latex_UE4.uexp" 93
"../../../Engine/Content/Functions/MaterialLayerFunctions/MatLayerBlend_Simple.uasset" 94
"../../../Engine/Content/Functions/MaterialLayerFunctions/MatLayerBlend_Simple.uexp" 95
"../../../Engine/Content/Functions/Engine_MaterialFunctions02/Utility/BlendAngleCorrectedNormals.uasset" 96
"../../../Engine/Content/Functions/Engine_MaterialFunctions02/Utility/BlendAngleCorrectedNormals.uexp" 97
"../../../Engine/Content/Functions/MaterialLayerFunctions/MatLayerBlend_NormalBlend.uasset" 98
"../../../Engine/Content/Functions/MaterialLayerFunctions/MatLayerBlend_NormalBlend.uexp" 99
"E:/Project/WZTAndroidStart 4.27/Content/Mannequin/Character/Materials/M_UE4Man_Body.uasset" 100
"E:/Project/WZTAndroidStart 4.27/Content/Mannequin/Character/Materials/M_UE4Man_Body.uexp" 101
"E:/Project/WZTAndroidStart 4.27/Content/Mannequin/Character/Materials/M_UE4Man_ChestLogo.uasset" 102
"E:/Project/WZTAndroidStart 4.27/Content/Mannequin/Character/Materials/M_UE4Man_ChestLogo.uexp" 103
"E:/Project/WZTAndroidStart 4.27/Content/Mannequin/Character/Mesh/SK_Mannequin.uasset" 104
"E:/Project/WZTAndroidStart 4.27/Content/Mannequin/Character/Mesh/SK_Mannequin.uexp" 105
"E:/Project/WZTAndroidStart 4.27/Content/Mannequin/Animations/ThirdPersonWalk.uasset" 106
"E:/Project/WZTAndroidStart 4.27/Content/Mannequin/Animations/ThirdPersonWalk.uexp" 107
"E:/Project/WZTAndroidStart 4.27/Content/Mannequin/Animations/ThirdPersonRun.uasset" 108
"E:/Project/WZTAndroidStart 4.27/Content/Mannequin/Animations/ThirdPersonRun.uexp" 109
"E:/Project/WZTAndroidStart 4.27/Content/Mannequin/Animations/ThirdPersonIdle.uasset" 110
"E:/Project/WZTAndroidStart 4.27/Content/Mannequin/Animations/ThirdPersonIdle.uexp" 111
"E:/Project/WZTAndroidStart 4.27/Content/Mannequin/Animations/ThirdPerson_IdleRun_2D.uasset" 112
"E:/Project/WZTAndroidStart 4.27/Content/Mannequin/Animations/ThirdPerson_IdleRun_2D.uexp" 113
"E:/Project/WZTAndroidStart 4.27/Content/Mannequin/Animations/ThirdPersonJump_Start.uasset" 114
"E:/Project/WZTAndroidStart 4.27/Content/Mannequin/Animations/ThirdPersonJump_Start.uexp" 115
"E:/Project/WZTAndroidStart 4.27/Content/Mannequin/Animations/ThirdPersonJump_Loop.uasset" 116
"E:/Project/WZTAndroidStart 4.27/Content/Mannequin/Animations/ThirdPersonJump_Loop.uexp" 117
"E:/Project/WZTAndroidStart 4.27/Content/Mannequin/Animations/ThirdPersonJump_End.uasset" 118
"E:/Project/WZTAndroidStart 4.27/Content/Mannequin/Animations/ThirdPersonJump_End.uexp" 119
"E:/Project/WZTAndroidStart 4.27/Content/Mannequin/Animations/ThirdPerson_AnimBP.uasset" 120
"E:/Project/WZTAndroidStart 4.27/Content/Mannequin/Animations/ThirdPerson_AnimBP.uexp" 121
"E:/Project/WZTAndroidStart 4.27/Content/Blueprints/BP_ThirdPersonCharacter.uasset" 122
"E:/Project/WZTAndroidStart 4.27/Content/Blueprints/BP_ThirdPersonCharacter.uexp" 123
"E:/Project/WZTAndroidStart 4.27/Content/Blueprints/BP_Coin.uasset" 124
"E:/Project/WZTAndroidStart 4.27/Content/Blueprints/BP_Coin.uexp" 125
"../../../Engine/Content/Animation/DefaultAnimBoneCompressionSettings.uasset" 126
"../../../Engine/Content/Animation/DefaultAnimBoneCompressionSettings.uexp" 127
"../../../Engine/Content/Animation/DefaultAnimCurveCompressionSettings.uasset" 128
"../../../Engine/Content/Animation/DefaultAnimCurveCompressionSettings.uexp" 129
"../../../Engine/Content/ArtTools/RenderToTexture/Meshes/S_1_Unit_Plane.uasset" 130
"../../../Engine/Content/ArtTools/RenderToTexture/Meshes/S_1_Unit_Plane.uexp" 131
"../../../Engine/Content/EngineMaterials/DefaultMaterial.uasset" 132
"../../../Engine/Content/EngineMaterials/DefaultMaterial.uexp" 133
"../../../Engine/Content/BasicShapes/Cone.uasset" 134
"../../../Engine/Content/BasicShapes/Cone.uexp" 135
"../../../Engine/Content/BasicShapes/Plane.uasset" 136
"../../../Engine/Content/BasicShapes/Plane.uexp" 137
"../../../Engine/Content/BasicShapes/Sphere.uasset" 138
"../../../Engine/Content/BasicShapes/Sphere.uexp" 139
"../../../Engine/Content/EditorLandscapeResources/DataLayer.uasset" 140
"../../../Engine/Content/EditorLandscapeResources/DataLayer.uexp" 141
"../../../Engine/Content/EditorLandscapeResources/DefaultAlphaTexture.uasset" 142
"../../../Engine/Content/EditorLandscapeResources/DefaultAlphaTexture.uexp" 143
"../../../Engine/Content/EditorMaterials/MAT_Groups_Toggle.uasset" 144
"../../../Engine/Content/EditorMaterials/MAT_Groups_Toggle.uexp" 145
"../../../Engine/Content/EditorMaterials/MAT_Groups_Visibility.uasset" 146
"../../../Engine/Content/EditorMaterials/MAT_Groups_Visibility.uexp" 147
"../../../Engine/Content/EditorMaterials/PreviewShadowIndicator.uasset" 148
"../../../Engine/Content/EditorMaterials/PreviewShadowIndicator.uexp" 149
"../../../Engine/Content/EditorMaterials/PreviewShadowIndicator.ubulk" 150
"../../../Engine/Content/EditorMaterials/PreviewShadowIndicatorMaterial.uasset" 151
"../../../Engine/Content/EditorMaterials/PreviewShadowIndicatorMaterial.uexp" 152
"../../../Engine/Content/EditorMaterials/MatineeGroups/MAT_ColorTrack.uasset" 153
"../../../Engine/Content/EditorMaterials/MatineeGroups/MAT_ColorTrack.uexp" 154
"../../../Engine/Content/EditorMaterials/MatineeGroups/MAT_Groups_Anim.uasset" 155
"../../../Engine/Content/EditorMaterials/MatineeGroups/MAT_Groups_Anim.uexp" 156
"../../../Engine/Content/EditorMaterials/MatineeGroups/MAT_Groups_AudioMaster.uasset" 157
"../../../Engine/Content/EditorMaterials/MatineeGroups/MAT_Groups_AudioMaster.uexp" 158
"../../../Engine/Content/EditorMaterials/MatineeGroups/MAT_Groups_Director.uasset" 159
"../../../Engine/Content/EditorMaterials/MatineeGroups/MAT_Groups_Director.uexp" 160
"../../../Engine/Content/EditorMaterials/MatineeGroups/MAT_Groups_Event.uasset" 161
"../../../Engine/Content/EditorMaterials/MatineeGroups/MAT_Groups_Event.uexp" 162
"../../../Engine/Content/EditorMaterials/MatineeGroups/MAT_Groups_Fade.uasset" 163
"../../../Engine/Content/EditorMaterials/MatineeGroups/MAT_Groups_Fade.uexp" 164
"../../../Engine/Content/EditorMaterials/MatineeGroups/MAT_Groups_Float.uasset" 165
"../../../Engine/Content/EditorMaterials/MatineeGroups/MAT_Groups_Float.uexp" 166
"../../../Engine/Content/EditorMaterials/MatineeGroups/MAT_Groups_Move.uasset" 167
"../../../Engine/Content/EditorMaterials/MatineeGroups/MAT_Groups_Move.uexp" 168
"../../../Engine/Content/EditorMaterials/MatineeGroups/MAT_Groups_Slomo.uasset" 169
"../../../Engine/Content/EditorMaterials/MatineeGroups/MAT_Groups_Slomo.uexp" 170
"../../../Engine/Content/EditorMaterials/MatineeGroups/MAT_Groups_Sound.uasset" 171
"../../../Engine/Content/EditorMaterials/MatineeGroups/MAT_Groups_Sound.uexp" 172
"../../../Engine/Content/EditorMaterials/MatineeGroups/MAT_Groups_Vector.uasset" 173
"../../../Engine/Content/EditorMaterials/MatineeGroups/MAT_Groups_Vector.uexp" 174
"../../../Engine/Content/EditorMaterials/ParticleSystems/PSysThumbnail_NoImage.uasset" 175
"../../../Engine/Content/EditorMaterials/ParticleSystems/PSysThumbnail_NoImage.uexp" 176
"../../../Engine/Content/EditorMaterials/ParticleSystems/PSysThumbnail_NoImage.ubulk" 177
"../../../Engine/Content/EditorMaterials/ParticleSystems/PSysThumbnail_OOD.uasset" 178
"../../../Engine/Content/EditorMaterials/ParticleSystems/PSysThumbnail_OOD.uexp" 179
"../../../Engine/Content/EditorMaterials/ParticleSystems/PSysThumbnail_OOD.ubulk" 180
"../../../Engine/Content/EditorMaterials/Camera/CineMat.uasset" 181
"../../../Engine/Content/EditorMaterials/Camera/CineMat.uexp" 182
"../../../Engine/Content/EditorMaterials/Camera/MI_CineMat_Rig.uasset" 183
"../../../Engine/Content/EditorMaterials/Camera/MI_CineMat_Rig.uexp" 184
"../../../Engine/Content/EditorMeshes/Camera/SM_CraneRig_Arm.uasset" 185
"../../../Engine/Content/EditorMeshes/Camera/SM_CraneRig_Arm.uexp" 186
"../../../Engine/Content/EditorMeshes/Camera/SM_CraneRig_Base.uasset" 187
"../../../Engine/Content/EditorMeshes/Camera/SM_CraneRig_Base.uexp" 188
"../../../Engine/Content/EditorMeshes/Camera/SM_CraneRig_Body.uasset" 189
"../../../Engine/Content/EditorMeshes/Camera/SM_CraneRig_Body.uexp" 190
"../../../Engine/Content/EditorMeshes/Camera/SM_CraneRig_Mount.uasset" 191
"../../../Engine/Content/EditorMeshes/Camera/SM_CraneRig_Mount.uexp" 192
"../../../Engine/Content/EditorMeshes/Camera/SM_RailRig_Mount.uasset" 193
"../../../Engine/Content/EditorMeshes/Camera/SM_RailRig_Mount.uexp" 194
"../../../Engine/Content/EditorMeshes/Camera/SM_RailRig_Track.uasset" 195
"../../../Engine/Content/EditorMeshes/Camera/SM_RailRig_Track.uexp" 196
"../../../Engine/Content/EditorResources/BSPVertex.uasset" 197
"../../../Engine/Content/EditorResources/BSPVertex.uexp" 198
"../../../Engine/Content/EditorResources/EmptyActor.uasset" 199
"../../../Engine/Content/EditorResources/EmptyActor.uexp" 200
"../../../Engine/Content/EditorResources/S_Actor.uasset" 201
"../../../Engine/Content/EditorResources/S_Actor.uexp" 202
"../../../Engine/Content/EditorResources/S_Actor.ubulk" 203
"../../../Engine/Content/EditorResources/S_Note.uasset" 204
"../../../Engine/Content/EditorResources/S_Note.uexp" 205
"../../../Engine/Content/EditorResources/S_Note.ubulk" 206
"../../../Engine/Content/EditorResources/S_Solver.uasset" 207
"../../../Engine/Content/EditorResources/S_Solver.uexp" 208
"../../../Engine/Content/EditorResources/S_Solver.ubulk" 209
"../../../Engine/Content/EditorResources/S_Terrain.uasset" 210
"../../../Engine/Content/EditorResources/S_Terrain.uexp" 211
"../../../Engine/Content/EditorResources/S_Terrain.ubulk" 212
"../../../Engine/Content/EditorResources/S_Trigger.uasset" 213
"../../../Engine/Content/EditorResources/S_Trigger.uexp" 214
"../../../Engine/Content/EditorResources/S_Trigger.ubulk" 215
"../../../Engine/Content/EditorResources/LightIcons/S_LightError.uasset" 216
"../../../Engine/Content/EditorResources/LightIcons/S_LightError.uexp" 217
"../../../Engine/Content/EditorResources/SequenceRecorder/Countdown.uasset" 218
"../../../Engine/Content/EditorResources/SequenceRecorder/Countdown.uexp" 219
"../../../Engine/Content/EditorResources/SequenceRecorder/RecordingIndicator.uasset" 220
"../../../Engine/Content/EditorResources/SequenceRecorder/RecordingIndicator.uexp" 221
"../../../Engine/Content/EngineDamageTypes/DmgTypeBP_Environmental.uasset" 222
"../../../Engine/Content/EngineDamageTypes/DmgTypeBP_Environmental.uexp" 223
"../../../Engine/Content/EngineDebugMaterials/DebugEditorMaterial.uasset" 224
"../../../Engine/Content/EngineDebugMaterials/DebugEditorMaterial.uexp" 225
"../../../Engine/Content/EngineDebugMaterials/DebugMeshMaterial.uasset" 226
"../../../Engine/Content/EngineDebugMaterials/DebugMeshMaterial.uexp" 227
"../../../Engine/Content/EngineDebugMaterials/M_SimpleUnlitTranslucent.uasset" 228
"../../../Engine/Content/EngineDebugMaterials/M_SimpleUnlitTranslucent.uexp" 229
"../../../Engine/Content/EngineDebugMaterials/VolumeToRender.uasset" 230
"../../../Engine/Content/EngineDebugMaterials/VolumeToRender.uexp" 231
"../../../Engine/Content/Functions/Engine_MaterialFunctions02/Utility/CameraDirectionVector.uasset" 232
"../../../Engine/Content/Functions/Engine_MaterialFunctions02/Utility/CameraDirectionVector.uexp" 233
"../../../Engine/Content/EngineDebugMaterials/M_VolumeRenderSphereTracePP.uasset" 234
"../../../Engine/Content/EngineDebugMaterials/M_VolumeRenderSphereTracePP.uexp" 235
"../../../Engine/Content/Functions/Engine_MaterialFunctions01/Shading/ConvertFromDiffSpec.uasset" 236
"../../../Engine/Content/Functions/Engine_MaterialFunctions01/Shading/ConvertFromDiffSpec.uexp" 237
"../../../Engine/Content/EngineDebugMaterials/VertexColorMaterial.uasset" 238
"../../../Engine/Content/EngineDebugMaterials/VertexColorMaterial.uexp" 239
"../../../Engine/Content/EngineDebugMaterials/WireframeMaterial.uasset" 240
"../../../Engine/Content/EngineDebugMaterials/WireframeMaterial.uexp" 241
"../../../Engine/Content/EngineFonts/Faces/RobotoRegular.uasset" 242
"../../../Engine/Content/EngineFonts/Faces/RobotoRegular.uexp" 243
"../../../Engine/Content/EngineFonts/Faces/RobotoRegular.ufont" 244
"../../../Engine/Content/EngineFonts/Faces/RobotoLight.uasset" 245
"../../../Engine/Content/EngineFonts/Faces/RobotoLight.uexp" 246
"../../../Engine/Content/EngineFonts/Faces/RobotoLight.ufont" 247
"../../../Engine/Content/EngineFonts/Faces/RobotoItalic.uasset" 248
"../../../Engine/Content/EngineFonts/Faces/RobotoItalic.uexp" 249
"../../../Engine/Content/EngineFonts/Faces/RobotoItalic.ufont" 250
"../../../Engine/Content/EngineFonts/Faces/RobotoBoldItalic.uasset" 251
"../../../Engine/Content/EngineFonts/Faces/RobotoBoldItalic.uexp" 252
"../../../Engine/Content/EngineFonts/Faces/RobotoBoldItalic.ufont" 253
"../../../Engine/Content/EngineFonts/Faces/RobotoBold.uasset" 254
"../../../Engine/Content/EngineFonts/Faces/RobotoBold.uexp" 255
"../../../Engine/Content/EngineFonts/Faces/RobotoBold.ufont" 256
"../../../Engine/Content/EngineFonts/Roboto.uasset" 257
"../../../Engine/Content/EngineFonts/Roboto.uexp" 258
"../../../Engine/Content/EngineMaterials/BaseFlattenNormalMap.uasset" 259
"../../../Engine/Content/EngineMaterials/BaseFlattenNormalMap.uexp" 260
"../../../Engine/Content/EngineMaterials/BaseFlattenGrayscaleMap.uasset" 261
"../../../Engine/Content/EngineMaterials/BaseFlattenGrayscaleMap.uexp" 262
"../../../Engine/Content/EngineMaterials/BaseFlattenEmissiveMap.uasset" 263
"../../../Engine/Content/EngineMaterials/BaseFlattenEmissiveMap.uexp" 264
"../../../Engine/Content/EngineMaterials/BaseFlattenDiffuseMap.uasset" 265
"../../../Engine/Content/EngineMaterials/BaseFlattenDiffuseMap.uexp" 266
"../../../Engine/Content/EngineMaterials/BaseFlattenMaterial.uasset" 267
"../../../Engine/Content/EngineMaterials/BaseFlattenMaterial.uexp" 268
"../../../Engine/Content/EngineMaterials/BlueNoise.uasset" 269
"../../../Engine/Content/EngineMaterials/BlueNoise.uexp" 270
"../../../Engine/Content/EngineMaterials/DefaultBloomKernel.uasset" 271
"../../../Engine/Content/EngineMaterials/DefaultBloomKernel.uexp" 272
"../../../Engine/Content/EngineMaterials/DefaultBokeh.uasset" 273
"../../../Engine/Content/EngineMaterials/DefaultBokeh.uexp" 274
"../../../Engine/Content/EngineMaterials/DefaultDiffuse.uasset" 275
"../../../Engine/Content/EngineMaterials/DefaultDiffuse.uexp" 276
"../../../Engine/Content/EngineMaterials/DefaultDiffuse.ubulk" 277
"../../../Engine/Content/EngineMaterials/DefaultDeferredDecalMaterial.uasset" 278
"../../../Engine/Content/EngineMaterials/DefaultDeferredDecalMaterial.uexp" 279
"../../../Engine/Content/EngineMaterials/DefaultLightFunctionMaterial.uasset" 280
"../../../Engine/Content/EngineMaterials/DefaultLightFunctionMaterial.uexp" 281
"../../../Engine/Content/EngineMaterials/DefaultPhysicalMaterial.uasset" 282
"../../../Engine/Content/EngineMaterials/DefaultPhysicalMaterial.uexp" 283
"../../../Engine/Content/Functions/Engine_MaterialFunctions02/Utility/BreakOutFloat2Components.uasset" 284
"../../../Engine/Content/Functions/Engine_MaterialFunctions02/Utility/BreakOutFloat2Components.uexp" 285
"../../../Engine/Content/EngineMaterials/DefaultPostProcessMaterial.uasset" 286
"../../../Engine/Content/EngineMaterials/DefaultPostProcessMaterial.uexp" 287
"../../../Engine/Content/EngineFonts/RobotoDistanceField.uasset" 288
"../../../Engine/Content/EngineFonts/RobotoDistanceField.uexp" 289
"../../../Engine/Content/EngineMaterials/DefaultTextMaterialOpaque.uasset" 290
"../../../Engine/Content/EngineMaterials/DefaultTextMaterialOpaque.uexp" 291
"../../../Engine/Content/EngineMaterials/DefaultWhiteGrid.uasset" 292
"../../../Engine/Content/EngineMaterials/DefaultWhiteGrid.uexp" 293
"../../../Engine/Content/EngineMaterials/DefaultWhiteGrid.ubulk" 294
"../../../Engine/Content/EngineMaterials/DefaultWhiteGrid_Low.uasset" 295
"../../../Engine/Content/EngineMaterials/DefaultWhiteGrid_Low.uexp" 296
"../../../Engine/Content/EngineMaterials/EmissiveMeshMaterial.uasset" 297
"../../../Engine/Content/EngineMaterials/EmissiveMeshMaterial.uexp" 298
"../../../Engine/Content/EngineMaterials/GizmoMaterial.uasset" 299
"../../../Engine/Content/EngineMaterials/GizmoMaterial.uexp" 300
"../../../Engine/Content/EngineMaterials/Good64x64TilingNoiseHighFreq.uasset" 301
"../../../Engine/Content/EngineMaterials/Good64x64TilingNoiseHighFreq.uexp" 302
"../../../Engine/Content/EngineMaterials/MiniFont.uasset" 303
"../../../Engine/Content/EngineMaterials/MiniFont.uexp" 304
"../../../Engine/Content/EngineMaterials/InvalidLightmapSettings.uasset" 305
"../../../Engine/Content/EngineMaterials/InvalidLightmapSettings.uexp" 306
"../../../Engine/Content/EngineMaterials/InvalidLightmapSettings.ubulk" 307
"../../../Engine/Content/EngineMaterials/M_InvalidLightmapSettings.uasset" 308
"../../../Engine/Content/EngineMaterials/M_InvalidLightmapSettings.uexp" 309
"../../../Engine/Content/Functions/Engine_MaterialFunctions02/WorldPositionOffset/CameraOffset.uasset" 310
"../../../Engine/Content/Functions/Engine_MaterialFunctions02/WorldPositionOffset/CameraOffset.uexp" 311
"../../../Engine/Content/EngineMaterials/PhAT_JointLimitMaterial.uasset" 312
"../../../Engine/Content/EngineMaterials/PhAT_JointLimitMaterial.uexp" 313
"../../../Engine/Content/EngineMaterials/DefaultCalibrationColor.uasset" 314
"../../../Engine/Content/EngineMaterials/DefaultCalibrationColor.uexp" 315
"../../../Engine/Content/EngineMaterials/PPM_DefaultCalibrationColor.uasset" 316
"../../../Engine/Content/EngineMaterials/PPM_DefaultCalibrationColor.uexp" 317
"../../../Engine/Content/EngineMaterials/DefaultCalibrationGrayscale.uasset" 318
"../../../Engine/Content/EngineMaterials/DefaultCalibrationGrayscale.uexp" 319
"../../../Engine/Content/EngineMaterials/PPM_DefaultCalibrationGrayscale.uasset" 320
"../../../Engine/Content/EngineMaterials/PPM_DefaultCalibrationGrayscale.uexp" 321
"../../../Engine/Content/EngineMaterials/PreintegratedSkinBRDF.uasset" 322
"../../../Engine/Content/EngineMaterials/PreintegratedSkinBRDF.uexp" 323
"../../../Engine/Content/EngineMaterials/RemoveSurfaceMaterial.uasset" 324
"../../../Engine/Content/EngineMaterials/RemoveSurfaceMaterial.uexp" 325
"../../../Engine/Content/EngineMaterials/WeightMapPlaceholderTexture.uasset" 326
"../../../Engine/Content/EngineMaterials/WeightMapPlaceholderTexture.uexp" 327
"../../../Engine/Content/EngineResources/WhiteSquareTexture.uasset" 328
"../../../Engine/Content/EngineResources/WhiteSquareTexture.uexp" 329
"../../../Engine/Content/EngineMaterials/Widget3DPassThrough.uasset" 330
"../../../Engine/Content/EngineMaterials/Widget3DPassThrough.uexp" 331
"../../../Engine/Content/EngineMaterials/Widget3DPassThrough_Masked.uasset" 332
"../../../Engine/Content/EngineMaterials/Widget3DPassThrough_Masked.uexp" 333
"../../../Engine/Content/EngineMaterials/Widget3DPassThrough_Opaque.uasset" 334
"../../../Engine/Content/EngineMaterials/Widget3DPassThrough_Opaque.uexp" 335
"../../../Engine/Content/EngineMaterials/Widget3DPassThrough_Masked_OneSided.uasset" 336
"../../../Engine/Content/EngineMaterials/Widget3DPassThrough_Masked_OneSided.uexp" 337
"../../../Engine/Content/EngineMaterials/Widget3DPassThrough_Opaque_OneSided.uasset" 338
"../../../Engine/Content/EngineMaterials/Widget3DPassThrough_Opaque_OneSided.uexp" 339
"../../../Engine/Content/EngineMaterials/Widget3DPassThrough_Translucent.uasset" 340
"../../../Engine/Content/EngineMaterials/Widget3DPassThrough_Translucent.uexp" 341
"../../../Engine/Content/EngineMaterials/Widget3DPassThrough_Translucent_OneSided.uasset" 342
"../../../Engine/Content/EngineMaterials/Widget3DPassThrough_Translucent_OneSided.uexp" 343
"../../../Engine/Content/EngineMeshes/Cylinder.uasset" 344
"../../../Engine/Content/EngineMeshes/Cylinder.uexp" 345
"../../../Engine/Content/EngineMeshes/Sphere.uasset" 346
"../../../Engine/Content/EngineMeshes/Sphere.uexp" 347
"../../../Engine/Content/EngineResources/DefaultTexture.uasset" 348
"../../../Engine/Content/EngineResources/DefaultTexture.uexp" 349
"../../../Engine/Content/EngineResources/DefaultTexture.ubulk" 350
"../../../Engine/Content/EngineResources/DefaultTextureCube.uasset" 351
"../../../Engine/Content/EngineResources/DefaultTextureCube.uexp" 352
"../../../Engine/Content/EngineResources/DefaultVolumeTexture2D.uasset" 353
"../../../Engine/Content/EngineResources/DefaultVolumeTexture2D.uexp" 354
"../../../Engine/Content/EngineResources/DefaultVolumeTexture.uasset" 355
"../../../Engine/Content/EngineResources/DefaultVolumeTexture.uexp" 356
"../../../Engine/Content/EngineResources/GradientTexture0.uasset" 357
"../../../Engine/Content/EngineResources/GradientTexture0.uexp" 358
"../../../Engine/Content/EngineSky/VolumetricClouds/T_NoiseShape64.uasset" 359
"../../../Engine/Content/EngineSky/VolumetricClouds/T_NoiseShape64.uexp" 360
"../../../Engine/Content/EngineSky/VolumetricClouds/T_NoiseShape64.ubulk" 361
"../../../Engine/Content/EngineSky/VolumetricClouds/T_VolumeNoiseShape64.uasset" 362
"../../../Engine/Content/EngineSky/VolumetricClouds/T_VolumeNoiseShape64.uexp" 363
"../../../Engine/Content/EngineSky/VolumetricClouds/T_NoiseErosion.uasset" 364
"../../../Engine/Content/EngineSky/VolumetricClouds/T_NoiseErosion.uexp" 365
"../../../Engine/Content/EngineSky/VolumetricClouds/T_NoiseErosion.ubulk" 366
"../../../Engine/Content/EngineSky/VolumetricClouds/T_VolumeNoiseErosion32.uasset" 367
"../../../Engine/Content/EngineSky/VolumetricClouds/T_VolumeNoiseErosion32.uexp" 368
"../../../Engine/Content/EngineSky/VolumetricClouds/CloudWeatherTexture.uasset" 369
"../../../Engine/Content/EngineSky/VolumetricClouds/CloudWeatherTexture.uexp" 370
"../../../Engine/Content/EngineSky/VolumetricClouds/CloudGradientTexture.uasset" 371
"../../../Engine/Content/EngineSky/VolumetricClouds/CloudGradientTexture.uexp" 372
"../../../Engine/Content/Functions/Engine_MaterialFunctions02/Utility/MakeFloat2.uasset" 373
"../../../Engine/Content/Functions/Engine_MaterialFunctions02/Utility/MakeFloat2.uexp" 374
"../../../Engine/Content/EngineSky/VolumetricClouds/m_SimpleVolumetricCloud.uasset" 375
"../../../Engine/Content/EngineSky/VolumetricClouds/m_SimpleVolumetricCloud.uexp" 376
"../../../Engine/Content/EngineSky/VolumetricClouds/m_SimpleVolumetricCloud_Inst.uasset" 377
"../../../Engine/Content/EngineSky/VolumetricClouds/m_SimpleVolumetricCloud_Inst.uexp" 378
"../../../Engine/Content/EngineSounds/Master.uasset" 379
"../../../Engine/Content/EngineSounds/Master.uexp" 380
"../../../Engine/Content/Functions/Engine_MaterialFunctions01/Shading/PowerToRoughness.uasset" 381
"../../../Engine/Content/Functions/Engine_MaterialFunctions01/Shading/PowerToRoughness.uexp" 382
"../../../Engine/Content/Maps/Templates/Thumbnails/Default.uasset" 383
"../../../Engine/Content/Maps/Templates/Thumbnails/Default.uexp" 384
"../../../Engine/Content/Maps/Templates/Thumbnails/TimeOfDay.uasset" 385
"../../../Engine/Content/Maps/Templates/Thumbnails/TimeOfDay.uexp" 386
"../../../Engine/Content/Maps/Templates/Thumbnails/VR-Basic.uasset" 387
"../../../Engine/Content/Maps/Templates/Thumbnails/VR-Basic.uexp" 388
"../../../Engine/Content/MobileResources/T_MobileControls_texture.uasset" 389
"../../../Engine/Content/MobileResources/T_MobileControls_texture.uexp" 390
"../../../Engine/Content/MobileResources/T_MobileMenu2.uasset" 391
"../../../Engine/Content/MobileResources/T_MobileMenu2.uexp" 392
"../../../Engine/Content/MobileResources/HUD/AnalogHat.uasset" 393
"../../../Engine/Content/MobileResources/HUD/AnalogHat.uexp" 394
"../../../Engine/Content/MobileResources/HUD/VirtualJoystick_Thumb.uasset" 395
"../../../Engine/Content/MobileResources/HUD/VirtualJoystick_Thumb.uexp" 396
"../../../Engine/Content/MobileResources/HUD/VirtualJoystick_Background.uasset" 397
"../../../Engine/Content/MobileResources/HUD/VirtualJoystick_Background.uexp" 398
"../../../Engine/Content/MobileResources/HUD/DefaultVirtualJoysticks.uasset" 399
"../../../Engine/Content/MobileResources/HUD/DefaultVirtualJoysticks.uexp" 400
"../../../Engine/Content/MobileResources/HUD/LeftVirtualJoystickOnly.uasset" 401
"../../../Engine/Content/MobileResources/HUD/LeftVirtualJoystickOnly.uexp" 402
"../../../Engine/Content/MobileResources/HUD/MobileHUDButton1_off.uasset" 403
"../../../Engine/Content/MobileResources/HUD/MobileHUDButton1_off.uexp" 404
"../../../Engine/Content/MobileResources/HUD/MobileHUDButton1_on.uasset" 405
"../../../Engine/Content/MobileResources/HUD/MobileHUDButton1_on.uexp" 406
"../../../Engine/Content/MobileResources/HUD/MobileHUDButton2_off.uasset" 407
"../../../Engine/Content/MobileResources/HUD/MobileHUDButton2_off.uexp" 408
"../../../Engine/Content/MobileResources/HUD/MobileHUDButton2_on.uasset" 409
"../../../Engine/Content/MobileResources/HUD/MobileHUDButton2_on.uexp" 410
"../../../Engine/Content/MobileResources/HUD/MobileHUDButton3.uasset" 411
"../../../Engine/Content/MobileResources/HUD/MobileHUDButton3.uexp" 412
"../../../Engine/Content/MobileResources/HUD/MobileHUDButtonFire.uasset" 413
"../../../Engine/Content/MobileResources/HUD/MobileHUDButtonFire.uexp" 414
"../../../Engine/Content/MobileResources/HUD/MobileHUDDirectionPad.uasset" 415
"../../../Engine/Content/MobileResources/HUD/MobileHUDDirectionPad.uexp" 416
"../../../Engine/Content/MobileResources/HUD/MobileHUDDirectionPad2.uasset" 417
"../../../Engine/Content/MobileResources/HUD/MobileHUDDirectionPad2.uexp" 418
"../../../Engine/Content/MobileResources/HUD/MobileHUDDirectionPad3.uasset" 419
"../../../Engine/Content/MobileResources/HUD/MobileHUDDirectionPad3.uexp" 420
"../../../Engine/Content/MobileResources/HUD/MobileHUDDirectionStick.uasset" 421
"../../../Engine/Content/MobileResources/HUD/MobileHUDDirectionStick.uexp" 422
"../../../Engine/Content/MobileResources/HUD/T_Castle_ThumbstickInner.uasset" 423
"../../../Engine/Content/MobileResources/HUD/T_Castle_ThumbstickInner.uexp" 424
"../../../Engine/Content/MobileResources/HUD/T_Castle_ThumbstickOutter.uasset" 425
"../../../Engine/Content/MobileResources/HUD/T_Castle_ThumbstickOutter.uexp" 426
"../../../Engine/Content/Tutorial/ContentIntroCurve.uasset" 427
"../../../Engine/Content/Tutorial/ContentIntroCurve.uexp" 428
"../../../Engine/Content/Tutorial/Basics/TutorialAssets/icon_tab_Levels_40x.uasset" 429
"../../../Engine/Content/Tutorial/Basics/TutorialAssets/icon_tab_Levels_40x.uexp" 430
"../../../Engine/Content/Tutorial/BlueprintTutorials/TutorialAssets/Blueprint_64x.uasset" 431
"../../../Engine/Content/Tutorial/BlueprintTutorials/TutorialAssets/Blueprint_64x.uexp" 432
"../../../Engine/Content/VREditor/TransformGizmo/TranslucentTransformGizmoMaterial.uasset" 433
"../../../Engine/Content/VREditor/TransformGizmo/TranslucentTransformGizmoMaterial.uexp" 434
"../../../Engine/Content/VREditor/LaserPointer/VR_LaserPower_01.uasset" 435
"../../../Engine/Content/VREditor/LaserPointer/VR_LaserPower_01.uexp" 436
"../../../Engine/Content/VREditor/LaserPointer/VR_LaserPower_01.ubulk" 437
"../../../Engine/Content/VREditor/TransformGizmo/TransformGizmoMaterial.uasset" 438
"../../../Engine/Content/VREditor/TransformGizmo/TransformGizmoMaterial.uexp" 439
"../../../Engine/Content/VREditor/TransformGizmo/BoundingBoxCorner.uasset" 440
"../../../Engine/Content/VREditor/TransformGizmo/BoundingBoxCorner.uexp" 441
"../../../Engine/Content/VREditor/TransformGizmo/BoundingBoxEdge.uasset" 442
"../../../Engine/Content/VREditor/TransformGizmo/BoundingBoxEdge.uexp" 443
"../../../Engine/Content/VREditor/TransformGizmo/PlaneTranslationHandle.uasset" 444
"../../../Engine/Content/VREditor/TransformGizmo/PlaneTranslationHandle.uexp" 445
"../../../Engine/Content/VREditor/TransformGizmo/Xray.uasset" 446
"../../../Engine/Content/VREditor/TransformGizmo/Xray.uexp" 447
"../../../Engine/Content/VREditor/TransformGizmo/Main.uasset" 448
"../../../Engine/Content/VREditor/TransformGizmo/Main.uexp" 449
"../../../Engine/Content/VREditor/TransformGizmo/SM_Sequencer_Key.uasset" 450
"../../../Engine/Content/VREditor/TransformGizmo/SM_Sequencer_Key.uexp" 451
"../../../Engine/Content/VREditor/TransformGizmo/SM_Sequencer_Node.uasset" 452
"../../../Engine/Content/VREditor/TransformGizmo/SM_Sequencer_Node.uexp" 453
"../../../Engine/Plugins/2D/Paper2D/Content/PlaceholderTextures/DummySpriteTexture.uasset" 454
"../../../Engine/Plugins/2D/Paper2D/Content/PlaceholderTextures/DummySpriteTexture.uexp" 455
"../../../Engine/Plugins/2D/Paper2D/Content/PlaceholderTextures/DummySpriteTexture.ubulk" 456
"../../../Engine/Plugins/2D/Paper2D/Content/DummySprite.uasset" 457
"../../../Engine/Plugins/2D/Paper2D/Content/DummySprite.uexp" 458
"../../../Engine/Plugins/2D/Paper2D/Content/DefaultPaperTerrainMaterial.uasset" 459
"../../../Engine/Plugins/2D/Paper2D/Content/DefaultPaperTerrainMaterial.uexp" 460
"../../../Engine/Plugins/2D/Paper2D/Content/DefaultSpriteMaterial.uasset" 461
"../../../Engine/Plugins/2D/Paper2D/Content/DefaultSpriteMaterial.uexp" 462
"../../../Engine/Plugins/2D/Paper2D/Content/MaskedUnlitSpriteMaterial.uasset" 463
"../../../Engine/Plugins/2D/Paper2D/Content/MaskedUnlitSpriteMaterial.uexp" 464
"../../../Engine/Plugins/2D/Paper2D/Content/OpaqueUnlitSpriteMaterial.uasset" 465
"../../../Engine/Plugins/2D/Paper2D/Content/OpaqueUnlitSpriteMaterial.uexp" 466
"../../../Engine/Content/Functions/Engine_MaterialFunctions02/Utility/BreakOutFloat3Components.uasset" 467
"../../../Engine/Content/Functions/Engine_MaterialFunctions02/Utility/BreakOutFloat3Components.uexp" 468
"../../../Engine/Plugins/Editor/SpeedTreeImporter/Content/SpeedTree9/UnpackInteger3.uasset" 469
"../../../Engine/Plugins/Editor/SpeedTreeImporter/Content/SpeedTree9/UnpackInteger3.uexp" 470
"../../../Engine/Plugins/Editor/SpeedTreeImporter/Content/SpeedTree9/UnpackDirection.uasset" 471
"../../../Engine/Plugins/Editor/SpeedTreeImporter/Content/SpeedTree9/UnpackDirection.uexp" 472
"../../../Engine/Plugins/Editor/SpeedTreeImporter/Content/SpeedTree9/game_wind_noise.uasset" 473
"../../../Engine/Plugins/Editor/SpeedTreeImporter/Content/SpeedTree9/game_wind_noise.uexp" 474
"../../../Engine/Plugins/Editor/SpeedTreeImporter/Content/SpeedTree9/game_wind_noise.ubulk" 475
"../../../Engine/Content/Functions/Engine_MaterialFunctions02/SafeNormalize.uasset" 476
"../../../Engine/Content/Functions/Engine_MaterialFunctions02/SafeNormalize.uexp" 477
"../../../Engine/Plugins/Editor/SpeedTreeImporter/Content/SpeedTree9/SpeedTreeWindMotion.uasset" 478
"../../../Engine/Plugins/Editor/SpeedTreeImporter/Content/SpeedTree9/SpeedTreeWindMotion.uexp" 479
"../../../Engine/Plugins/Editor/SpeedTreeImporter/Content/SpeedTree9/SpeedTreeBranchMotion.uasset" 480
"../../../Engine/Plugins/Editor/SpeedTreeImporter/Content/SpeedTree9/SpeedTreeBranchMotion.uexp" 481
"../../../Engine/Content/Functions/Engine_MaterialFunctions02/ObjectLocalBounds.uasset" 482
"../../../Engine/Content/Functions/Engine_MaterialFunctions02/ObjectLocalBounds.uexp" 483
"../../../Engine/Content/Functions/Engine_MaterialFunctions02/UVs/BoundingBoxBased_0-1_UVW.uasset" 484
"../../../Engine/Content/Functions/Engine_MaterialFunctions02/UVs/BoundingBoxBased_0-1_UVW.uexp" 485
"../../../Engine/Content/Functions/Engine_MaterialFunctions02/Utility/VectorLength.uasset" 486
"../../../Engine/Content/Functions/Engine_MaterialFunctions02/Utility/VectorLength.uexp" 487
"../../../Engine/Content/Functions/Engine_MaterialFunctions02/WorldPositionOffset/ObjectScale.uasset" 488
"../../../Engine/Content/Functions/Engine_MaterialFunctions02/WorldPositionOffset/ObjectScale.uexp" 489
"../../../Engine/Plugins/Editor/SpeedTreeImporter/Content/SpeedTree9/SpeedTreeWind.uasset" 490
"../../../Engine/Plugins/Editor/SpeedTreeImporter/Content/SpeedTree9/SpeedTreeWind.uexp" 491
"../../../Engine/Plugins/Editor/SpeedTreeImporter/Content/SpeedTree9/SpeedTreeBillboard.uasset" 492
"../../../Engine/Plugins/Editor/SpeedTreeImporter/Content/SpeedTree9/SpeedTreeBillboard.uexp" 493
"../../../Engine/Plugins/Editor/SpeedTreeImporter/Content/SpeedTree9/EmptyNormal.uasset" 494
"../../../Engine/Plugins/Editor/SpeedTreeImporter/Content/SpeedTree9/EmptyNormal.uexp" 495
"../../../Engine/Plugins/Editor/SpeedTreeImporter/Content/SpeedTree9/Empty.uasset" 496
"../../../Engine/Plugins/Editor/SpeedTreeImporter/Content/SpeedTree9/Empty.uexp" 497
"../../../Engine/Plugins/Editor/SpeedTreeImporter/Content/SpeedTree9/SpeedTreeBillboardMaster.uasset" 498
"../../../Engine/Plugins/Editor/SpeedTreeImporter/Content/SpeedTree9/SpeedTreeBillboardMaster.uexp" 499
"../../../Engine/Plugins/Editor/SpeedTreeImporter/Content/SpeedTree9/SpeedTreeCameraFacing.uasset" 500
"../../../Engine/Plugins/Editor/SpeedTreeImporter/Content/SpeedTree9/SpeedTreeCameraFacing.uexp" 501
"../../../Engine/Plugins/Editor/SpeedTreeImporter/Content/SpeedTree9/SpeedTreeMaster.uasset" 502
"../../../Engine/Plugins/Editor/SpeedTreeImporter/Content/SpeedTree9/SpeedTreeMaster.uexp" 503
"../../../Engine/Content/BasicShapes/Cylinder.uasset" 504
"../../../Engine/Content/BasicShapes/Cylinder.uexp" 505
"../../../Engine/Content/ArtTools/RenderToTexture/Materials/Debug/M_Emissive_Color.uasset" 506
"../../../Engine/Content/ArtTools/RenderToTexture/Materials/Debug/M_Emissive_Color.uexp" 507
"../../../Engine/Plugins/Runtime/OpenXR/Content/Devices/GoogleDaydream/MRTexture.uasset" 508
"../../../Engine/Plugins/Runtime/OpenXR/Content/Devices/GoogleDaydream/MRTexture.uexp" 509
"../../../Engine/Plugins/Runtime/OpenXR/Content/Devices/GoogleDaydream/MRTexture.ubulk" 510
"../../../Engine/Plugins/Runtime/OpenXR/Content/Devices/GoogleDaydream/BaseTexture.uasset" 511
"../../../Engine/Plugins/Runtime/OpenXR/Content/Devices/GoogleDaydream/BaseTexture.uexp" 512
"../../../Engine/Plugins/Runtime/OpenXR/Content/Devices/GoogleDaydream/BaseTexture.ubulk" 513
"../../../Engine/Content/EngineResources/Black.uasset" 514
"../../../Engine/Content/EngineResources/Black.uexp" 515
"../../../Engine/Plugins/Runtime/OpenXR/Content/Devices/M_XRController.uasset" 516
"../../../Engine/Plugins/Runtime/OpenXR/Content/Devices/M_XRController.uexp" 517
"../../../Engine/Plugins/Runtime/OpenXR/Content/Devices/GoogleDaydream/MI_GoogleDaydream.uasset" 518
"../../../Engine/Plugins/Runtime/OpenXR/Content/Devices/GoogleDaydream/MI_GoogleDaydream.uexp" 519
"../../../Engine/Plugins/Runtime/OpenXR/Content/Devices/GoogleDaydream/GoogleDaydreamController.uasset" 520
"../../../Engine/Plugins/Runtime/OpenXR/Content/Devices/GoogleDaydream/GoogleDaydreamController.uexp" 521
"../../../Engine/Plugins/Runtime/OpenXR/Content/Devices/HTCVive/BaseTexture.uasset" 522
"../../../Engine/Plugins/Runtime/OpenXR/Content/Devices/HTCVive/BaseTexture.uexp" 523
"../../../Engine/Plugins/Runtime/OpenXR/Content/Devices/HTCVive/BaseTexture.ubulk" 524
"../../../Engine/Plugins/Runtime/OpenXR/Content/Devices/HTCVive/MI_HTCVive.uasset" 525
"../../../Engine/Plugins/Runtime/OpenXR/Content/Devices/HTCVive/MI_HTCVive.uexp" 526
"../../../Engine/Plugins/Runtime/OpenXR/Content/Devices/HTCVive/HTCViveController.uasset" 527
"../../../Engine/Plugins/Runtime/OpenXR/Content/Devices/HTCVive/HTCViveController.uexp" 528
"../../../Engine/Plugins/Runtime/OpenXR/Content/Devices/MicrosoftMixedReality/NormalTexture.uasset" 529
"../../../Engine/Plugins/Runtime/OpenXR/Content/Devices/MicrosoftMixedReality/NormalTexture.uexp" 530
"../../../Engine/Plugins/Runtime/OpenXR/Content/Devices/MicrosoftMixedReality/NormalTexture.ubulk" 531
"../../../Engine/Plugins/Runtime/OpenXR/Content/Devices/MicrosoftMixedReality/MRTexture.uasset" 532
"../../../Engine/Plugins/Runtime/OpenXR/Content/Devices/MicrosoftMixedReality/MRTexture.uexp" 533
"../../../Engine/Plugins/Runtime/OpenXR/Content/Devices/MicrosoftMixedReality/MRTexture.ubulk" 534
"../../../Engine/Plugins/Runtime/OpenXR/Content/Devices/MicrosoftMixedReality/EmissiveTexture.uasset" 535
"../../../Engine/Plugins/Runtime/OpenXR/Content/Devices/MicrosoftMixedReality/EmissiveTexture.uexp" 536
"../../../Engine/Plugins/Runtime/OpenXR/Content/Devices/MicrosoftMixedReality/EmissiveTexture.ubulk" 537
"../../../Engine/Plugins/Runtime/OpenXR/Content/Devices/MicrosoftMixedReality/BaseTexture.uasset" 538
"../../../Engine/Plugins/Runtime/OpenXR/Content/Devices/MicrosoftMixedReality/BaseTexture.uexp" 539
"../../../Engine/Plugins/Runtime/OpenXR/Content/Devices/MicrosoftMixedReality/BaseTexture.ubulk" 540
"../../../Engine/Plugins/Runtime/OpenXR/Content/Devices/MicrosoftMixedReality/MI_MicrosoftMixedReality.uasset" 541
"../../../Engine/Plugins/Runtime/OpenXR/Content/Devices/MicrosoftMixedReality/MI_MicrosoftMixedReality.uexp" 542
"../../../Engine/Plugins/Runtime/OpenXR/Content/Devices/MicrosoftMixedReality/Left/left_MicrosoftMixedRealityController.uasset" 543
"../../../Engine/Plugins/Runtime/OpenXR/Content/Devices/MicrosoftMixedReality/Left/left_MicrosoftMixedRealityController.uexp" 544
"../../../Engine/Plugins/Runtime/OpenXR/Content/Devices/MicrosoftMixedReality/Right/right_MicrosoftMixedRealityController.uasset" 545
"../../../Engine/Plugins/Runtime/OpenXR/Content/Devices/MicrosoftMixedReality/Right/right_MicrosoftMixedRealityController.uexp" 546
"../../../Engine/Plugins/Runtime/OpenXR/Content/Devices/OculusGo/BaseTexture.uasset" 547
"../../../Engine/Plugins/Runtime/OpenXR/Content/Devices/OculusGo/BaseTexture.uexp" 548
"../../../Engine/Plugins/Runtime/OpenXR/Content/Devices/OculusGo/BaseTexture.ubulk" 549
"../../../Engine/Plugins/Runtime/OpenXR/Content/Devices/OculusGo/MI_OculusGo.uasset" 550
"../../../Engine/Plugins/Runtime/OpenXR/Content/Devices/OculusGo/MI_OculusGo.uexp" 551
"../../../Engine/Plugins/Runtime/OpenXR/Content/Devices/OculusGo/OculusGoController.uasset" 552
"../../../Engine/Plugins/Runtime/OpenXR/Content/Devices/OculusGo/OculusGoController.uexp" 553
"../../../Engine/Plugins/Runtime/OpenXR/Content/Devices/OculusTouch/MRTexture.uasset" 554
"../../../Engine/Plugins/Runtime/OpenXR/Content/Devices/OculusTouch/MRTexture.uexp" 555
"../../../Engine/Plugins/Runtime/OpenXR/Content/Devices/OculusTouch/MRTexture.ubulk" 556
"../../../Engine/Plugins/Runtime/OpenXR/Content/Devices/OculusTouch/BaseTexture.uasset" 557
"../../../Engine/Plugins/Runtime/OpenXR/Content/Devices/OculusTouch/BaseTexture.uexp" 558
"../../../Engine/Plugins/Runtime/OpenXR/Content/Devices/OculusTouch/BaseTexture.ubulk" 559
"../../../Engine/Plugins/Runtime/OpenXR/Content/Devices/OculusTouch/MI_OculusTouch.uasset" 560
"../../../Engine/Plugins/Runtime/OpenXR/Content/Devices/OculusTouch/MI_OculusTouch.uexp" 561
"../../../Engine/Plugins/Runtime/OpenXR/Content/Devices/OculusTouch/Left/left_OculusTouchController.uasset" 562
"../../../Engine/Plugins/Runtime/OpenXR/Content/Devices/OculusTouch/Left/left_OculusTouchController.uexp" 563
"../../../Engine/Plugins/Runtime/OpenXR/Content/Devices/OculusTouch/Right/right_OculusTouchController.uasset" 564
"../../../Engine/Plugins/Runtime/OpenXR/Content/Devices/OculusTouch/Right/right_OculusTouchController.uexp" 565
"../../../Engine/Plugins/Runtime/OpenXR/Content/Devices/OculusTouch_v2/MRTexture.uasset" 566
"../../../Engine/Plugins/Runtime/OpenXR/Content/Devices/OculusTouch_v2/MRTexture.uexp" 567
"../../../Engine/Plugins/Runtime/OpenXR/Content/Devices/OculusTouch_v2/MRTexture.ubulk" 568
"../../../Engine/Plugins/Runtime/OpenXR/Content/Devices/OculusTouch_v2/BaseTexture.uasset" 569
"../../../Engine/Plugins/Runtime/OpenXR/Content/Devices/OculusTouch_v2/BaseTexture.uexp" 570
"../../../Engine/Plugins/Runtime/OpenXR/Content/Devices/OculusTouch_v2/BaseTexture.ubulk" 571
"../../../Engine/Plugins/Runtime/OpenXR/Content/Devices/OculusTouch_v2/MI_OculusTouch_v2.uasset" 572
"../../../Engine/Plugins/Runtime/OpenXR/Content/Devices/OculusTouch_v2/MI_OculusTouch_v2.uexp" 573
"../../../Engine/Plugins/Runtime/OpenXR/Content/Devices/OculusTouch_v2/Left/left_OculusTouch_v2Controller.uasset" 574
"../../../Engine/Plugins/Runtime/OpenXR/Content/Devices/OculusTouch_v2/Left/left_OculusTouch_v2Controller.uexp" 575
"../../../Engine/Plugins/Runtime/OpenXR/Content/Devices/OculusTouch_v2/Right/right_OculusTouch_v2Controller.uasset" 576
"../../../Engine/Plugins/Runtime/OpenXR/Content/Devices/OculusTouch_v2/Right/right_OculusTouch_v2Controller.uexp" 577
"../../../Engine/Plugins/Runtime/OpenXR/Content/Devices/OculusTouch_v3/MRTexture.uasset" 578
"../../../Engine/Plugins/Runtime/OpenXR/Content/Devices/OculusTouch_v3/MRTexture.uexp" 579
"../../../Engine/Plugins/Runtime/OpenXR/Content/Devices/OculusTouch_v3/MRTexture.ubulk" 580
"../../../Engine/Plugins/Runtime/OpenXR/Content/Devices/OculusTouch_v3/BaseTexture.uasset" 581
"../../../Engine/Plugins/Runtime/OpenXR/Content/Devices/OculusTouch_v3/BaseTexture.uexp" 582
"../../../Engine/Plugins/Runtime/OpenXR/Content/Devices/OculusTouch_v3/BaseTexture.ubulk" 583
"../../../Engine/Plugins/Runtime/OpenXR/Content/Devices/OculusTouch_v3/MI_OculusTouch_v3.uasset" 584
"../../../Engine/Plugins/Runtime/OpenXR/Content/Devices/OculusTouch_v3/MI_OculusTouch_v3.uexp" 585
"../../../Engine/Plugins/Runtime/OpenXR/Content/Devices/OculusTouch_v3/Left/left_OculusTouch_v3Controller.uasset" 586
"../../../Engine/Plugins/Runtime/OpenXR/Content/Devices/OculusTouch_v3/Left/left_OculusTouch_v3Controller.uexp" 587
"../../../Engine/Plugins/Runtime/OpenXR/Content/Devices/OculusTouch_v3/Right/right_OculusTouch_v3Controller.uasset" 588
"../../../Engine/Plugins/Runtime/OpenXR/Content/Devices/OculusTouch_v3/Right/right_OculusTouch_v3Controller.uexp" 589
"../../../Engine/Plugins/Runtime/OpenXR/Content/Devices/ValveIndex/MRTexture.uasset" 590
"../../../Engine/Plugins/Runtime/OpenXR/Content/Devices/ValveIndex/MRTexture.uexp" 591
"../../../Engine/Plugins/Runtime/OpenXR/Content/Devices/ValveIndex/MRTexture.ubulk" 592
"../../../Engine/Plugins/Runtime/OpenXR/Content/Devices/ValveIndex/BaseTexture.uasset" 593
"../../../Engine/Plugins/Runtime/OpenXR/Content/Devices/ValveIndex/BaseTexture.uexp" 594
"../../../Engine/Plugins/Runtime/OpenXR/Content/Devices/ValveIndex/BaseTexture.ubulk" 595
"../../../Engine/Plugins/Runtime/OpenXR/Content/Devices/ValveIndex/Left/MI_left_ValveIndex.uasset" 596
"../../../Engine/Plugins/Runtime/OpenXR/Content/Devices/ValveIndex/Left/MI_left_ValveIndex.uexp" 597
"../../../Engine/Plugins/Runtime/OpenXR/Content/Devices/ValveIndex/Left/left_ValveIndexController.uasset" 598
"../../../Engine/Plugins/Runtime/OpenXR/Content/Devices/ValveIndex/Left/left_ValveIndexController.uexp" 599
"../../../Engine/Plugins/Runtime/OpenXR/Content/Devices/ValveIndex/Right/MI_right_ValveIndex.uasset" 600
"../../../Engine/Plugins/Runtime/OpenXR/Content/Devices/ValveIndex/Right/MI_right_ValveIndex.uexp" 601
"../../../Engine/Plugins/Runtime/OpenXR/Content/Devices/ValveIndex/Right/right_ValveIndexController.uasset" 602
"../../../Engine/Plugins/Runtime/OpenXR/Content/Devices/ValveIndex/Right/right_ValveIndexController.uexp" 603
"../../../Engine/Content/Functions/Engine_MaterialFunctions02/Utility/BreakOutFloat4Components.uasset" 604
"../../../Engine/Content/Functions/Engine_MaterialFunctions02/Utility/BreakOutFloat4Components.uexp" 605
"../../../Engine/Content/Functions/Engine_MaterialFunctions02/Utility/MakeFloat3.uasset" 606
"../../../Engine/Content/Functions/Engine_MaterialFunctions02/Utility/MakeFloat3.uexp" 607
"../../../Engine/Plugins/Runtime/Oculus/OculusVR/Content/Materials/OculusMR_ChromaKey.uasset" 608
"../../../Engine/Plugins/Runtime/Oculus/OculusVR/Content/Materials/OculusMR_ChromaKey.uexp" 609
"../../../Engine/Plugins/Runtime/Oculus/OculusVR/Content/Materials/OculusMR_OpaqueColoredMaterial.uasset" 610
"../../../Engine/Plugins/Runtime/Oculus/OculusVR/Content/Materials/OculusMR_OpaqueColoredMaterial.uexp" 611
"../../../Engine/Plugins/Runtime/Oculus/OculusVR/Content/Materials/PokeAHoleMaterial.uasset" 612
"../../../Engine/Plugins/Runtime/Oculus/OculusVR/Content/Materials/PokeAHoleMaterial.uexp" 613
"../../../Engine/Plugins/Runtime/Oculus/OculusVR/Content/Textures/touchController_controlmap.uasset" 614
"../../../Engine/Plugins/Runtime/Oculus/OculusVR/Content/Textures/touchController_controlmap.uexp" 615
"../../../Engine/Plugins/Runtime/Oculus/OculusVR/Content/Textures/touchController_controlmap.ubulk" 616
"../../../Engine/Plugins/Runtime/Oculus/OculusVR/Content/Textures/touchController_albedo.uasset" 617
"../../../Engine/Plugins/Runtime/Oculus/OculusVR/Content/Textures/touchController_albedo.uexp" 618
"../../../Engine/Plugins/Runtime/Oculus/OculusVR/Content/Textures/touchController_albedo.ubulk" 619
"../../../Engine/Plugins/Runtime/Oculus/OculusVR/Content/Materials/touchController_mat.uasset" 620
"../../../Engine/Plugins/Runtime/Oculus/OculusVR/Content/Materials/touchController_mat.uexp" 621
"../../../Engine/Plugins/Runtime/Oculus/OculusVR/Content/Meshes/LeftTouchController.uasset" 622
"../../../Engine/Plugins/Runtime/Oculus/OculusVR/Content/Meshes/LeftTouchController.uexp" 623
"../../../Engine/Plugins/Runtime/Oculus/OculusVR/Content/Textures/TouchForQuestRiftSController_albedo.uasset" 624
"../../../Engine/Plugins/Runtime/Oculus/OculusVR/Content/Textures/TouchForQuestRiftSController_albedo.uexp" 625
"../../../Engine/Plugins/Runtime/Oculus/OculusVR/Content/Textures/TouchForQuestRiftSController_albedo.ubulk" 626
"../../../Engine/Plugins/Runtime/Oculus/OculusVR/Content/Materials/TouchForQuestRiftSControllerMaterial.uasset" 627
"../../../Engine/Plugins/Runtime/Oculus/OculusVR/Content/Materials/TouchForQuestRiftSControllerMaterial.uexp" 628
"../../../Engine/Plugins/Runtime/Oculus/OculusVR/Content/Meshes/LeftTouchForQuestRiftSController.uasset" 629
"../../../Engine/Plugins/Runtime/Oculus/OculusVR/Content/Meshes/LeftTouchForQuestRiftSController.uexp" 630
"../../../Engine/Plugins/Runtime/Oculus/OculusVR/Content/Meshes/RiftHMD.uasset" 631
"../../../Engine/Plugins/Runtime/Oculus/OculusVR/Content/Meshes/RiftHMD.uexp" 632
"../../../Engine/Plugins/Runtime/Oculus/OculusVR/Content/Meshes/RightTouchController.uasset" 633
"../../../Engine/Plugins/Runtime/Oculus/OculusVR/Content/Meshes/RightTouchController.uexp" 634
"../../../Engine/Plugins/Runtime/Oculus/OculusVR/Content/Meshes/RightTouchForQuestRiftSController.uasset" 635
"../../../Engine/Plugins/Runtime/Oculus/OculusVR/Content/Meshes/RightTouchForQuestRiftSController.uexp" 636
"E:/Project/WZTAndroidStart 4.27/Content/Level/MainMenu.uexp" 637
"E:/Project/WZTAndroidStart 4.27/Content/Level/MainMenu.umap" 638
"../../../Engine/Content/EngineSky/T_Sky_Stars.uasset" 639
"../../../Engine/Content/EngineSky/T_Sky_Stars.uexp" 640
"../../../Engine/Content/EngineSky/T_Sky_Stars.ubulk" 641
"../../../Engine/Content/EngineSky/T_Sky_Clouds_M.uasset" 642
"../../../Engine/Content/EngineSky/T_Sky_Clouds_M.uexp" 643
"../../../Engine/Content/EngineSky/T_Sky_Clouds_M.ubulk" 644
"../../../Engine/Content/EngineSky/T_Sky_Blue.uasset" 645
"../../../Engine/Content/EngineSky/T_Sky_Blue.uexp" 646
"../../../Engine/Content/EngineSky/T_Sky_Blue.ubulk" 647
"../../../Engine/Content/EngineSky/M_Sky_Panning_Clouds2.uasset" 648
"../../../Engine/Content/EngineSky/M_Sky_Panning_Clouds2.uexp" 649
"E:/Project/WZTAndroidStart 4.27/Content/ThirdPersonCPP/Maps/ThirdPersonExampleMap_BuiltData.uasset" 650
"E:/Project/WZTAndroidStart 4.27/Content/ThirdPersonCPP/Maps/ThirdPersonExampleMap_BuiltData.uexp" 651
"E:/Project/WZTAndroidStart 4.27/Content/ThirdPersonCPP/Maps/ThirdPersonExampleMap_BuiltData.ubulk" 652
"../../../Engine/Content/EngineSky/SM_SkySphere.uasset" 653
"../../../Engine/Content/EngineSky/SM_SkySphere.uexp" 654
"../../../Engine/Content/EngineSky/C_Sky_Zenith_Color.uasset" 655
"../../../Engine/Content/EngineSky/C_Sky_Zenith_Color.uexp" 656
"../../../Engine/Content/EngineSky/C_Sky_Horizon_Color.uasset" 657
"../../../Engine/Content/EngineSky/C_Sky_Horizon_Color.uexp" 658
"../../../Engine/Content/EngineSky/C_Sky_Cloud_Color.uasset" 659
"../../../Engine/Content/EngineSky/C_Sky_Cloud_Color.uexp" 660
"../../../Engine/Content/EngineSky/BP_Sky_Sphere.uasset" 661
"../../../Engine/Content/EngineSky/BP_Sky_Sphere.uexp" 662
"E:/Project/WZTAndroidStart 4.27/Content/ThirdPerson/Meshes/RampMaterial.uasset" 663
"E:/Project/WZTAndroidStart 4.27/Content/ThirdPerson/Meshes/RampMaterial.uexp" 664
"E:/Project/WZTAndroidStart 4.27/Content/ThirdPerson/Meshes/RightArm_StaticMesh.uasset" 665
"E:/Project/WZTAndroidStart 4.27/Content/ThirdPerson/Meshes/RightArm_StaticMesh.uexp" 666
"E:/Project/WZTAndroidStart 4.27/Content/ThirdPerson/Meshes/Ramp_StaticMesh.uasset" 667
"E:/Project/WZTAndroidStart 4.27/Content/ThirdPerson/Meshes/Ramp_StaticMesh.uexp" 668
"E:/Project/WZTAndroidStart 4.27/Content/ThirdPerson/Meshes/Linear_Stair_StaticMesh.uasset" 669
"E:/Project/WZTAndroidStart 4.27/Content/ThirdPerson/Meshes/Linear_Stair_StaticMesh.uexp" 670
"E:/Project/WZTAndroidStart 4.27/Content/ThirdPerson/Meshes/LeftArm_StaticMesh.uasset" 671
"E:/Project/WZTAndroidStart 4.27/Content/ThirdPerson/Meshes/LeftArm_StaticMesh.uexp" 672
"E:/Project/WZTAndroidStart 4.27/Content/ThirdPerson/Meshes/Bump_StaticMesh.uasset" 673
"E:/Project/WZTAndroidStart 4.27/Content/ThirdPerson/Meshes/Bump_StaticMesh.uexp" 674
"E:/Project/WZTAndroidStart 4.27/Content/Geometry/Meshes/CubeMaterial.uasset" 675
"E:/Project/WZTAndroidStart 4.27/Content/Geometry/Meshes/CubeMaterial.uexp" 676
"E:/Project/WZTAndroidStart 4.27/Content/Geometry/Meshes/TemplateFloor.uasset" 677
"E:/Project/WZTAndroidStart 4.27/Content/Geometry/Meshes/TemplateFloor.uexp" 678
"E:/Project/WZTAndroidStart 4.27/Content/Geometry/Meshes/1M_Cube_Chamfer.uasset" 679
"E:/Project/WZTAndroidStart 4.27/Content/Geometry/Meshes/1M_Cube_Chamfer.uexp" 680
"E:/Project/WZTAndroidStart 4.27/Content/Geometry/Meshes/1M_Cube.uasset" 681
"E:/Project/WZTAndroidStart 4.27/Content/Geometry/Meshes/1M_Cube.uexp" 682
"E:/Project/WZTAndroidStart 4.27/Content/ThirdPersonCPP/Maps/ThirdPersonExampleMap.uexp" 683
"E:/Project/WZTAndroidStart 4.27/Content/ThirdPersonCPP/Maps/ThirdPersonExampleMap.umap" 684
"../../../Engine/Content/Maps/Entry_BuiltData.uasset" 685
"../../../Engine/Content/Maps/Entry_BuiltData.uexp" 686
"../../../Engine/Content/Maps/Entry.uexp" 687
"../../../Engine/Content/Maps/Entry.umap" 688
